
Showing logs for build [32mcb-kubecd-bdd-nh-import-1592564-bp7vv-1[0m stage [32mfrom-build-pack[0m and container [32mstep-credential-initializer-vt7hf[0m
{"level":"info","ts":1592566073.3315666,"logger":"fallback-logger","caller":"logging/config.go:69","msg":"Fetch GitHub commit ID from kodata failed: open /var/run/ko/refs/heads/0.8.0-ns-support: no such file or directory"}
{"level":"info","ts":1592566073.3323824,"logger":"fallback-logger","caller":"creds-init/main.go:40","msg":"Credentials initialized."}

Showing logs for build [32mcb-kubecd-bdd-nh-import-1592564-bp7vv-1[0m stage [32mfrom-build-pack[0m and container [32mstep-working-dir-initializer-ncrsv[0m
{"level":"info","ts":1592566074.70679,"logger":"fallback-logger","caller":"logging/config.go:69","msg":"Fetch GitHub commit ID from kodata failed: open /var/run/ko/HEAD: no such file or directory"}
{"level":"info","ts":1592566074.715009,"logger":"fallback-logger","caller":"bash/main.go:64","msg":"Successfully executed command \"sh -c mkdir -p /workspace/source\"; output "}

Showing logs for build [32mcb-kubecd-bdd-nh-import-1592564-bp7vv-1[0m stage [32mfrom-build-pack[0m and container [32mstep-place-tools[0m

Showing logs for build [32mcb-kubecd-bdd-nh-import-1592564-bp7vv-1[0m stage [32mfrom-build-pack[0m and container [32mstep-git-source-cb-kubecd-bdd-nh-import-1592564-bp7vv-sxpfw[0m
{"level":"info","ts":1592566104.9102564,"logger":"fallback-logger","caller":"logging/config.go:69","msg":"Fetch GitHub commit ID from kodata failed: open /var/run/ko/refs/heads/0.8.0-ns-support: no such file or directory"}
{"level":"info","ts":1592566106.0416555,"logger":"fallback-logger","caller":"git/git.go:103","msg":"Successfully cloned https://github.com/cb-kubecd/bdd-nh-import-1592564084.git @ v0.0.1 in path /workspace/source"}

Showing logs for build [32mcb-kubecd-bdd-nh-import-1592564-bp7vv-1[0m stage [32mfrom-build-pack[0m and container [32mstep-git-merge[0m
Using SHAs from PULL_REFS=master:2b24cc4d985b9317b7883a19604599b798726ee2
WARNING: no SHAs to merge, falling back to initial cloned commit

Showing logs for build [32mcb-kubecd-bdd-nh-import-1592564-bp7vv-1[0m stage [32mfrom-build-pack[0m and container [32mstep-setup-jx-git-credentials[0m
Generated Git credentials file /workspace/xdg_config/git/credentials

Showing logs for build [32mcb-kubecd-bdd-nh-import-1592564-bp7vv-1[0m stage [32mfrom-build-pack[0m and container [32mstep-build-npmrc[0m
WARNING: failed to find Secret npm-token in namespace **

Showing logs for build [32mcb-kubecd-bdd-nh-import-1592564-bp7vv-1[0m stage [32mfrom-build-pack[0m and container [32mstep-build-npm-install[0m
npm notice created a lockfile as package-lock.json. You should commit this file.
npm WARN REPLACE_ME@1.0.0 No repository field.
npm WARN REPLACE_ME@1.0.0 No license field.

up to date in 0.368s
found 0 vulnerabilities


Showing logs for build [32mcb-kubecd-bdd-nh-import-1592564-bp7vv-1[0m stage [32mfrom-build-pack[0m and container [32mstep-build-npm-test[0m

> REPLACE_ME@1.0.0 test /workspace/source
> echo "no test specified" && exit 0

no test specified

Showing logs for build [32mcb-kubecd-bdd-nh-import-1592564-bp7vv-1[0m stage [32mfrom-build-pack[0m and container [32mstep-build-container-build[0m
E0619 11:28:31.423160      10 aws_credentials.go:77] while getting AWS credentials NoCredentialProviders: no valid providers in chain. Deprecated.
	For verbose messaging see aws.Config.CredentialsChainVerboseErrors
[36mINFO[0m[0001] Using dockerignore file: /workspace/source/.dockerignore 
[36mINFO[0m[0001] Retrieving image manifest node:9-slim        
E0619 11:28:31.776521      10 metadata.go:154] while reading 'google-dockercfg' metadata: http status code: 404 while fetching url http://metadata.google.internal./computeMetadata/v1/instance/attributes/google-dockercfg
E0619 11:28:31.780210      10 metadata.go:166] while reading 'google-dockercfg-url' metadata: http status code: 404 while fetching url http://metadata.google.internal./computeMetadata/v1/instance/attributes/google-dockercfg-url
[36mINFO[0m[0002] Retrieving image manifest node:9-slim        
[36mINFO[0m[0003] Built cross stage deps: map[]                
[36mINFO[0m[0003] Retrieving image manifest node:9-slim        
[36mINFO[0m[0004] Retrieving image manifest node:9-slim        
[36mINFO[0m[0005] Executing 0 build triggers                   
[36mINFO[0m[0005] cmd: EXPOSE                                  
[36mINFO[0m[0005] Adding exposed port: 8080/tcp                
[36mINFO[0m[0005] Checking for cached layer gcr.io/jenkins-x-bdd3/cache:9426489a95cadd744d217368145d6d88cc2a1ffed5cbdd46a6ced488fc2b9eb3... 
[36mINFO[0m[0005] No cached layer found for cmd COPY . .       
[36mINFO[0m[0005] Unpacking rootfs as cmd COPY . . requires it. 
[36mINFO[0m[0011] ENV PORT 8080                                
[36mINFO[0m[0011] No files changed in this command, skipping snapshotting. 
[36mINFO[0m[0011] EXPOSE 8080                                  
[36mINFO[0m[0011] cmd: EXPOSE                                  
[36mINFO[0m[0011] Adding exposed port: 8080/tcp                
[36mINFO[0m[0011] No files changed in this command, skipping snapshotting. 
[36mINFO[0m[0011] WORKDIR /usr/src/app                         
[36mINFO[0m[0011] cmd: workdir                                 
[36mINFO[0m[0011] Changed working directory to /usr/src/app    
[36mINFO[0m[0011] Creating directory /usr/src/app              
[36mINFO[0m[0011] Resolving 1 paths                            
[36mINFO[0m[0011] Taking snapshot of files...                  
[36mINFO[0m[0011] COPY . .                                     
[36mINFO[0m[0011] Resolving 130 paths                          
[36mINFO[0m[0011] Taking snapshot of files...                  
[36mINFO[0m[0011] CMD ["npm", "start"]                         
[36mINFO[0m[0011] Pushing layer gcr.io/jenkins-x-bdd3/cache:9426489a95cadd744d217368145d6d88cc2a1ffed5cbdd46a6ced488fc2b9eb3 to cache now 
[36mINFO[0m[0011] No files changed in this command, skipping snapshotting. 

Showing logs for build [32mcb-kubecd-bdd-nh-import-1592564-bp7vv-1[0m stage [32mfrom-build-pack[0m and container [32mstep-build-post-build[0m
no CVE provider running in the current ** namespace so skip adding image to be analysed

Showing logs for build [32mcb-kubecd-bdd-nh-import-1592564-bp7vv-1[0m stage [32mfrom-build-pack[0m and container [32mstep-promote-changelog[0m
Converted /workspace/source/charts/bdd-nh-import-1592564084 to an unshallow repository
Generating change log from git ref a8a79c404bc40bc2eb70bc0dfc70b0890c1a5eda => 11c3f76c76bd5b686cff6a73ba634c12195a5b8c
Associating user x-0 in users.jenkins.io with email c**d-bot@cloudbees.com to git GitProvider user with login -0 as emails match
Adding label jenkins.io/git-github-userid=-0 to user x-0 in users.jenkins.io
WARNING: Failed to enrich commit 2b24cc4d985b9317b7883a19604599b798726ee2 with issues: User.jenkins.io "x-0" is invalid: metadata.labels: Invalid value: "-0": a valid label must be an empty string or consist of alphanumeric characters, '-', '_' or '.', and must start and end with an alphanumeric character (e.g. 'MyValue',  or 'my_value',  or '12345', regex used for validation is '(([A-Za-z0-9][-A-Za-z0-9_.]*)?[A-Za-z0-9])?')
Associating user x-0 in users.jenkins.io with email c**d-bot@cloudbees.com to git GitProvider user with login -0 as emails match
Adding label jenkins.io/git-github-userid=-0 to user x-0 in users.jenkins.io
WARNING: Failed to enrich commit 2b24cc4d985b9317b7883a19604599b798726ee2 with issues: User.jenkins.io "x-0" is invalid: metadata.labels: Invalid value: "-0": a valid label must be an empty string or consist of alphanumeric characters, '-', '_' or '.', and must start and end with an alphanumeric character (e.g. 'MyValue',  or 'my_value',  or '12345', regex used for validation is '(([A-Za-z0-9][-A-Za-z0-9_.]*)?[A-Za-z0-9])?')
Finding issues in commit messages using git format
WARNING: No release found for cb-kubecd/bdd-nh-import-1592564084 and tag v0.0.1 so creating a new release
Updated the release information at https://github.com/cb-kubecd/bdd-nh-import-1592564084/releases/tag/v0.0.1
generated: /workspace/source/charts/bdd-nh-import-1592564084/templates/release.yaml
Created Release bdd-nh-import-1592564084-0-0-1 resource in namespace **
Updating PipelineActivity cb-kubecd-bdd-nh-import-1592564084-master-1 with version 0.0.1
Updated PipelineActivities cb-kubecd-bdd-nh-import-1592564084-master-1 with release notes URL: https://github.com/cb-kubecd/bdd-nh-import-1592564084/releases/tag/v0.0.1

Showing logs for build [32mcb-kubecd-bdd-nh-import-1592564-bp7vv-1[0m stage [32mfrom-build-pack[0m and container [32mstep-promote-helm-release[0m
WARNING: No $CHART_REPOSITORY defined so using the default value of: http://jenkins-x-chartmuseum:8080
Adding missing Helm repo: storage.googleapis.com https://storage.googleapis.com/chartmuseum.jenkins-x.io
WARNING: No secrets found on "helm/repos" due: reading the secret "helm/repos" from vault: no secret "helm/repos" not found in vault
Read credentials for https://storage.googleapis.com/chartmuseum.jenkins-x.io from vault helm/repos
Successfully added Helm repository storage.googleapis.com.
Adding missing Helm repo: jenkins-x-chartmuseum http://jenkins-x-chartmuseum:8080
WARNING: No secrets found on "helm/repos" due: reading the secret "helm/repos" from vault: no secret "helm/repos" not found in vault
Read credentials for http://jenkins-x-chartmuseum:8080 from vault helm/repos
Successfully added Helm repository jenkins-x-chartmuseum.
WARNING: No $CHART_REPOSITORY defined so using the default value of: http://jenkins-x-chartmuseum:8080
Uploading chart file bdd-nh-import-1592564084-0.0.1.tgz to http://jenkins-x-chartmuseum:8080/api/charts
Received 201 response: {"saved":true}

Showing logs for build [32mcb-kubecd-bdd-nh-import-1592564-bp7vv-1[0m stage [32mfrom-build-pack[0m and container [32mstep-promote-jx-promote[0m
WARNING: prow based install so skip waiting for the merge of Pull Requests to go green as currently there is an issue with gettingstatuses from the PR, see https://github.com/jenkins-x/**/issues/2410
WARNING: No $CHART_REPOSITORY defined so using the default value of: http://jenkins-x-chartmuseum:8080
Promoting app bdd-nh-import-1592564084 version 0.0.1 to namespace **-staging
Created Pull Request: https://github.com/cb-kubecd/environment-pr-237-5-boot-gke-staging/pull/8
Added label updatebot to Pull Request https://github.com/cb-kubecd/environment-pr-237-5-boot-gke-staging/pull/8
got git provider status pending from PR https://github.com/cb-kubecd/environment-pr-237-5-boot-gke-staging/pull/8
got git provider status pending from PR https://github.com/cb-kubecd/environment-pr-237-5-boot-gke-staging/pull/8
got git provider status pending from PR https://github.com/cb-kubecd/environment-pr-237-5-boot-gke-staging/pull/8
got git provider status pending from PR https://github.com/cb-kubecd/environment-pr-237-5-boot-gke-staging/pull/8
got git provider status pending from PR https://github.com/cb-kubecd/environment-pr-237-5-boot-gke-staging/pull/8
got git provider status pending from PR https://github.com/cb-kubecd/environment-pr-237-5-boot-gke-staging/pull/8
Pull Request https://github.com/cb-kubecd/environment-pr-237-5-boot-gke-staging/pull/8 is merged at sha 84c15404917e3c0a3c971ffe727dbcd24bded069
Pull Request merged but we are not waiting for the update pipeline to complete!
WARNING: Could not find the service URL in namespace **-staging for names bdd-nh-import-1592564084, **-bdd-nh-import-1592564084, **-staging-bdd-nh-import-1592564084
